   Compiling nera v0.1.0 (/home/oriolvo/nera)
warning: value assigned to `end_span` is never read
   --> src/frontend/parser.rs:427:28
    |
427 |         let mut end_span = start_span.clone();
    |                            ^^^^^^^^^^^^^^^^^^
    |
    = help: maybe it is overwritten before being read?
    = note: `#[warn(unused_assignments)]` (part of `#[warn(unused)]`) on by default

warning: value assigned to `end_span` is never read
   --> src/frontend/parser.rs:433:13
    |
433 |             end_span = self.current_token.span.clone();
    |             ^^^^^^^^^^^^^^^^^^^^^^^^^^^^^^^^^^^^^^^^^^
    |
    = help: maybe it is overwritten before being read?

warning: value assigned to `end_span` is never read
   --> src/frontend/parser.rs:440:13
    |
440 |             end_span = self.current_token.span.clone(); // in case it fails next
    |             ^^^^^^^^^^^^^^^^^^^^^^^^^^^^^^^^^^^^^^^^^^
    |
    = help: maybe it is overwritten before being read?

warning: value assigned to `is_slice` is never read
   --> src/frontend/parser.rs:965:40
    |
965 |                     let mut is_slice = false;
    |                                        ^^^^^
    |
    = help: maybe it is overwritten before being read?

warning: value assigned to `end_span` is never read
    --> src/frontend/parser.rs:1135:36
     |
1135 |                 let mut end_span = start_span.clone();
     |                                    ^^^^^^^^^^^^^^^^^^
     |
     = help: maybe it is overwritten before being read?

warning: variable does not need to be mutable
  --> src/main.rs:52:13
   |
52 |         let mut program = parser.parse_program();
   |             ----^^^^^^^
   |             |
   |             help: remove this `mut`
   |
   = note: `#[warn(unused_mut)]` (part of `#[warn(unused)]`) on by default

warning: method `skip_comments` is never used
   --> src/frontend/lexer.rs:138:8
    |
103 | impl<'a> Lexer<'a> {
    | ------------------ method in this implementation
...
138 |     fn skip_comments(&mut self) {
    |        ^^^^^^^^^^^^^
    |
    = note: `#[warn(dead_code)]` (part of `#[warn(unused)]`) on by default

warning: associated function `from_ast` is never used
  --> src/frontend/sema.rs:23:16
   |
23 |           pub fn from_ast(ty: &Type) -> Self {
   |                  ^^^^^^^^
...
57 |   impl TypeInfo {
   |   ------------- associated function in this implementation
58 | /     primitive_type_mapper! {
59 | |         Int => "Int",
60 | |         Float => "Float",
61 | |         Boolean => "Boolean",
...  |
64 | |         Void => "Void",
65 | |     }
   | |_____- in this macro invocation
   |
   = note: this warning originates in the macro `primitive_type_mapper` (in Nightly builds, run with -Z macro-backtrace for more info)

warning: field `span` is never read
  --> src/frontend/diagnostics.rs:49:9
   |
48 | pub struct DiagnosticError {
   |            --------------- field in this struct
49 |     pub span: Span,
   |         ^^^^
   |
   = note: `DiagnosticError` has derived impls for the traits `Clone` and `Debug`, but these are intentionally ignored during dead code analysis

warning: variants `Array` and `Named` are never constructed
  --> src/backend/llvm_ir.rs:12:5
   |
 4 | pub enum LLVMType {
   |          -------- variants in this enum
...
12 |     Array(usize, Box<LLVMType>),
   |     ^^^^^
13 |     Named(String),
   |     ^^^^^
   |
   = note: `LLVMType` has derived impls for the traits `Clone` and `Debug`, but these are intentionally ignored during dead code analysis

warning: variant `Global` is never constructed
  --> src/backend/llvm_ir.rs:35:5
   |
33 | pub enum LLVMValue {
   |          --------- variant in this enum
34 |     Reg(String, LLVMType),
35 |     Global(String, LLVMType),
   |     ^^^^^^
   |
   = note: `LLVMValue` has derived impls for the traits `Clone` and `Debug`, but these are intentionally ignored during dead code analysis

warning: `nera` (bin "nera") generated 11 warnings (run `cargo fix --bin "nera" -p nera` to apply 1 suggestion)
    Finished `dev` profile [unoptimized + debuginfo] target(s) in 0.27s
     Running `target/debug/nera compile compiler/frontend/sema/analyzer.nera`
DEBUG: Registered function 'print_string'
DEBUG: Registered function 'alloc_span'
DEBUG: Registered function 'merge_span'
DEBUG: Registered function 'alloc_diagnostic_error'
DEBUG: Registered function 'print_diagnostic'
DEBUG: instantiate_generic called with concrete_name = 'Spanned(ImportDirective)'
DEBUG: instantiate_generic called with concrete_name = 'Spanned(ImportDirective)'
DEBUG: instantiate_generic called with concrete_name = 'List(Spanned(ImportDirective))'
DEBUG: instantiate_generic called with concrete_name = 'Spanned(ImportDirective)'
DEBUG: instantiate_generic called with concrete_name = 'Spanned(Declaration)'
DEBUG: instantiate_generic called with concrete_name = 'Spanned(Declaration)'
DEBUG: instantiate_generic called with concrete_name = 'List(Spanned(Declaration))'
DEBUG: instantiate_generic called with concrete_name = 'Spanned(Declaration)'
DEBUG: instantiate_generic called with concrete_name = 'List(String)'
DEBUG: instantiate_generic called with concrete_name = 'List(String)'
DEBUG: instantiate_generic called with concrete_name = 'List(FieldDecl)'
DEBUG: instantiate_generic called with concrete_name = 'Spanned(Type)'
DEBUG: instantiate_generic called with concrete_name = 'List(String)'
DEBUG: instantiate_generic called with concrete_name = 'List(VariantDecl)'
DEBUG: instantiate_generic called with concrete_name = 'Spanned(Type)'
DEBUG: instantiate_generic called with concrete_name = 'Spanned(Type)'
DEBUG: instantiate_generic called with concrete_name = 'List(Spanned(Type))'
DEBUG: instantiate_generic called with concrete_name = 'Spanned(Type)'
DEBUG: instantiate_generic called with concrete_name = 'List(String)'
DEBUG: instantiate_generic called with concrete_name = 'List(Param)'
DEBUG: instantiate_generic called with concrete_name = 'Spanned(Type)'
DEBUG: instantiate_generic called with concrete_name = 'Spanned(Block)'
DEBUG: instantiate_generic called with concrete_name = 'List(String)'
DEBUG: instantiate_generic called with concrete_name = 'List(Param)'
DEBUG: instantiate_generic called with concrete_name = 'Spanned(Type)'
DEBUG: instantiate_generic called with concrete_name = 'Spanned(Type)'
DEBUG: instantiate_generic called with concrete_name = 'Spanned(Type)'
DEBUG: instantiate_generic called with concrete_name = 'Spanned(Type)'
DEBUG: instantiate_generic called with concrete_name = 'List(Spanned(Type))'
DEBUG: instantiate_generic called with concrete_name = 'Spanned(Statement)'
DEBUG: instantiate_generic called with concrete_name = 'Spanned(Statement)'
DEBUG: instantiate_generic called with concrete_name = 'List(Spanned(Statement))'
DEBUG: instantiate_generic called with concrete_name = 'Spanned(Statement)'
DEBUG: instantiate_generic called with concrete_name = 'Spanned(Expression)'
DEBUG: instantiate_generic called with concrete_name = 'Spanned(Expression)'
DEBUG: instantiate_generic called with concrete_name = 'Spanned(Type)'
DEBUG: instantiate_generic called with concrete_name = 'Spanned(Expression)'
DEBUG: instantiate_generic called with concrete_name = 'Spanned(Expression)'
DEBUG: instantiate_generic called with concrete_name = 'Spanned(Expression)'
DEBUG: instantiate_generic called with concrete_name = 'Spanned(Expression)'
DEBUG: instantiate_generic called with concrete_name = 'Spanned(Block)'
DEBUG: instantiate_generic called with concrete_name = 'Spanned(ElseBranch)'
DEBUG: instantiate_generic called with concrete_name = 'Spanned(Expression)'
DEBUG: instantiate_generic called with concrete_name = 'Spanned(Block)'
DEBUG: instantiate_generic called with concrete_name = 'Spanned(Expression)'
DEBUG: instantiate_generic called with concrete_name = 'Spanned(Expression)'
DEBUG: instantiate_generic called with concrete_name = 'Spanned(Expression)'
DEBUG: instantiate_generic called with concrete_name = 'Spanned(Type)'
DEBUG: instantiate_generic called with concrete_name = 'Spanned(Type)'
DEBUG: instantiate_generic called with concrete_name = 'Spanned(Expression)'
DEBUG: instantiate_generic called with concrete_name = 'Spanned(Expression)'
DEBUG: instantiate_generic called with concrete_name = 'List(Spanned(Expression))'
DEBUG: instantiate_generic called with concrete_name = 'Spanned(Expression)'
DEBUG: instantiate_generic called with concrete_name = 'Spanned(Expression)'
DEBUG: instantiate_generic called with concrete_name = 'List(WhenCase)'
DEBUG: instantiate_generic called with concrete_name = 'List(String)'
DEBUG: instantiate_generic called with concrete_name = 'Spanned(Block)'
DEBUG: instantiate_generic called with concrete_name = 'Spanned(Expression)'
DEBUG: instantiate_generic called with concrete_name = 'Spanned(Expression)'
DEBUG: instantiate_generic called with concrete_name = 'Spanned(Expression)'
DEBUG: instantiate_generic called with concrete_name = 'Spanned(Expression)'
DEBUG: instantiate_generic called with concrete_name = 'Spanned(Expression)'
DEBUG: instantiate_generic called with concrete_name = 'List(Spanned(Expression))'
DEBUG: instantiate_generic called with concrete_name = 'Spanned(Expression)'
DEBUG: instantiate_generic called with concrete_name = 'Spanned(Expression)'
DEBUG: instantiate_generic called with concrete_name = 'Spanned(Expression)'
DEBUG: instantiate_generic called with concrete_name = 'Spanned(Expression)'
DEBUG: instantiate_generic called with concrete_name = 'List(Spanned(Expression))'
DEBUG: instantiate_generic called with concrete_name = 'Spanned(Expression)'
DEBUG: instantiate_generic called with concrete_name = 'Spanned(Expression)'
DEBUG: instantiate_generic called with concrete_name = 'Spanned(Expression)'
DEBUG: instantiate_generic called with concrete_name = 'Spanned(Expression)'
DEBUG: instantiate_generic called with concrete_name = 'Spanned(Expression)'
DEBUG: instantiate_generic called with concrete_name = 'Spanned(Expression)'
DEBUG: instantiate_generic called with concrete_name = 'Spanned(Expression)'
DEBUG: instantiate_generic called with concrete_name = 'Spanned(Expression)'
DEBUG: instantiate_generic called with concrete_name = 'Spanned(Expression)'
DEBUG: instantiate_generic called with concrete_name = 'List(Spanned(Expression))'
DEBUG: instantiate_generic called with concrete_name = 'Spanned(Expression)'
DEBUG: instantiate_generic called with concrete_name = 'Spanned(Expression)'
DEBUG: instantiate_generic called with concrete_name = 'Spanned(Expression)'
DEBUG: instantiate_generic called with concrete_name = 'Spanned(Expression)'
DEBUG: instantiate_generic called with concrete_name = 'Spanned(Expression)'
DEBUG: instantiate_generic called with concrete_name = 'Spanned(Expression)'
DEBUG: instantiate_generic called with concrete_name = 'Spanned(Expression)'
DEBUG: Registered function 'type_info_from_ast'
DEBUG: Registered function 'type_info_to_string'
DEBUG: Registered function 'type_info_equals'
DEBUG: Registered function 'type_info_is_array'
DEBUG: Registered function 'type_info_get_array_inner'
DEBUG: Registered function 'env_new'
DEBUG: Registered function 'env_enter_scope'
DEBUG: Registered function 'env_exit_scope'
DEBUG: Registered function 'env_define'
DEBUG: Registered function 'env_resolve'
DEBUG: instantiate_generic called with concrete_name = 'List(DiagnosticError)'
DEBUG: Registered function 'analyzer_new'
DEBUG: Registered function 'report_error'
DEBUG: instantiate_generic called with concrete_name = 'Spanned(Declaration)'
DEBUG: Registered function '_dummy_instantiate_spanned_decl'
DEBUG: instantiate_generic called with concrete_name = 'Spanned(Expression)'
DEBUG: Registered function '_dummy_instantiate_spanned_expr'
DEBUG: instantiate_generic called with concrete_name = 'Spanned(Statement)'
DEBUG: Registered function '_dummy_instantiate_spanned_stmt'
DEBUG: Registered function '_dummy_instantiate_type_info'
DEBUG: Registered function '_dummy_type_check_var_sym'
DEBUG: Registered function 'analyze_program'
DEBUG: Registered function 'analyzer_register_declaration'
DEBUG: Registered function 'analyzer_analyze_declaration'
DEBUG: instantiate_generic called with concrete_name = 'Spanned(Block)'
DEBUG: Registered function 'analyzer_analyze_block'
DEBUG: instantiate_generic called with concrete_name = 'Spanned(Statement)'
DEBUG: Registered function 'analyzer_analyze_statement'
DEBUG: instantiate_generic called with concrete_name = 'Spanned(Expression)'
DEBUG: Registered function 'analyzer_analyze_expression'
DEBUG: analyze_declaration for function 'print_string'
DEBUG: analyze_declaration for function 'alloc_span'
DEBUG: analyze_declaration for function 'merge_span'
DEBUG: analyze_declaration for function 'alloc_diagnostic_error'
DEBUG: analyze_declaration for function 'print_diagnostic'
DEBUG: analyze_declaration for function 'type_info_from_ast'
DEBUG: analyze_declaration for function 'type_info_to_string'
DEBUG: analyze_declaration for function 'type_info_equals'
DEBUG: analyze_declaration for function 'type_info_is_array'
DEBUG: analyze_declaration for function 'type_info_get_array_inner'
DEBUG: analyze_declaration for function 'env_new'
DEBUG: analyze_declaration for function 'env_enter_scope'
DEBUG: analyze_declaration for function 'env_exit_scope'
DEBUG: analyze_declaration for function 'env_define'
DEBUG: analyze_declaration for function 'env_resolve'
DEBUG: analyze_declaration for function 'analyzer_new'
DEBUG: analyze_declaration for function 'report_error'
DEBUG: extract_generic_args expected_ast=List, actual_info=^List(DiagnosticError)
DEBUG: extract_generic_args expected_ast=T, actual_info=DiagnosticError
DEBUG: extract_generic_args expected_ast=T, actual_info=DiagnosticError
DEBUG: Calling instantiate_generic for function 'list_push' with args ["DiagnosticError"]
DEBUG: instantiate_generic called with concrete_name = 'list_push(DiagnosticError)'
DEBUG: instantiate_generic called with concrete_name = 'List(DiagnosticError)'
DEBUG: Registered function 'list_push(DiagnosticError)'
DEBUG: analyze_declaration for function 'list_push(DiagnosticError)'
DEBUG: instantiate_generic called with concrete_name = 'List(DiagnosticError)'
DEBUG: extract_generic_args expected_ast=Int, actual_info=Int
DEBUG: extract_generic_args expected_ast=T, actual_info=^DiagnosticError
DEBUG: Calling instantiate_generic for function 'alloc_array' with args ["DiagnosticError"]
DEBUG: instantiate_generic called with concrete_name = 'alloc_array(DiagnosticError)'
DEBUG: After instantiate_generic, trying to resolve 'alloc_array(DiagnosticError)'. Scopes: [["alloc_span", "Statement", "UnaryOp", "SymbolEntry", "analyzer_analyze_declaration", "List(Spanned(Type))", "FunctionCall", "print_float", "int_to_string", "FieldDecl", "StringIndexExpr", "FunctionSymbol", "analyze_program", "Scope", "Spanned(Declaration)", "Environment", "SemanticAnalyzer", "merge_span", "AssignOp", "Spanned(Type)", "Block", "env_resolve", "TypeInfo", "print_int", "List(Spanned(ImportDirective))", "Declaration", "DataDecl", "Spanned(Expression)", "List(VariantDecl)", "Program", "ExternDecl", "VarDecl", "List(FieldDecl)", "IfStmt", "BinaryExpr", "type_info_get_array_inner", "AllocExpr", "type_info_from_ast", "analyzer_analyze_statement", "analyzer_analyze_block", "print_string", "concat_strings", "Spanned(ImportDirective)", "FnDecl", "Type", "List(Spanned(Statement))", "type_info_equals", "_dummy_instantiate_spanned_stmt", "List(DiagnosticError)", "alloc_diagnostic_error", "DataSymbol", "puts", "List(String)", "PropertyAccess", "env_enter_scope", "VariableSymbol", "IndexExpr", "PrimaryExpr", "strlen", "env_new", "Symbol", "DiagnosticError", "list_push(DiagnosticError)", "StringSliceExpr", "UnaryExpr", "ImportDirective", "analyzer_register_declaration", "WhileStmt", "Expression", "VariantDecl", "StructFieldAccessExpr", "VectorSliceExpr", "analyzer_new", "VariantConstructExpr", "WhenExpr", "ChoiceDecl", "ReturnStmt", "report_error", "_dummy_instantiate_spanned_expr", "ChoiceSymbol", "_dummy_instantiate_type_info", "WhenCase", "analyzer_analyze_expression", "List(Param)", "Param", "Span", "StringEqExpr", "Spanned(Statement)", "BinaryOp", "Assignment", "ElseBranch", "type_info_to_string", "List(Spanned(Declaration))", "List(WhenCase)", "type_info_is_array", "_dummy_instantiate_spanned_decl", "print_diagnostic", "CastExpr", "TypeInfoArray", "Spanned(Block)", "env_define", "_dummy_type_check_var_sym", "env_exit_scope", "alloc_array(DiagnosticError)", "Spanned(ElseBranch)", "List(Spanned(Expression))"], ["analyzer", "span", "msg", "err"], ["list", "item"], ["new_capacity"]]
DEBUG: extract_generic_args expected_ast=T, actual_info=^DiagnosticError
DEBUG: extract_generic_args expected_ast=Int, actual_info=Int
DEBUG: Calling instantiate_generic for function 'ptr_read' with args ["DiagnosticError"]
DEBUG: instantiate_generic called with concrete_name = 'ptr_read(DiagnosticError)'
DEBUG: After instantiate_generic, trying to resolve 'ptr_read(DiagnosticError)'. Scopes: [["alloc_span", "Statement", "UnaryOp", "SymbolEntry", "analyzer_analyze_declaration", "List(Spanned(Type))", "FunctionCall", "print_float", "int_to_string", "FieldDecl", "StringIndexExpr", "FunctionSymbol", "analyze_program", "Scope", "Spanned(Declaration)", "Environment", "SemanticAnalyzer", "merge_span", "AssignOp", "Spanned(Type)", "Block", "env_resolve", "TypeInfo", "print_int", "List(Spanned(ImportDirective))", "Declaration", "DataDecl", "Spanned(Expression)", "List(VariantDecl)", "Program", "ExternDecl", "VarDecl", "List(FieldDecl)", "IfStmt", "BinaryExpr", "type_info_get_array_inner", "AllocExpr", "type_info_from_ast", "analyzer_analyze_statement", "analyzer_analyze_block", "print_string", "concat_strings", "Spanned(ImportDirective)", "FnDecl", "Type", "List(Spanned(Statement))", "type_info_equals", "_dummy_instantiate_spanned_stmt", "List(DiagnosticError)", "alloc_diagnostic_error", "DataSymbol", "puts", "List(String)", "PropertyAccess", "env_enter_scope", "VariableSymbol", "IndexExpr", "PrimaryExpr", "strlen", "env_new", "ptr_read(DiagnosticError)", "Symbol", "DiagnosticError", "list_push(DiagnosticError)", "StringSliceExpr", "UnaryExpr", "ImportDirective", "analyzer_register_declaration", "WhileStmt", "Expression", "VariantDecl", "StructFieldAccessExpr", "VectorSliceExpr", "analyzer_new", "VariantConstructExpr", "WhenExpr", "ChoiceDecl", "ReturnStmt", "report_error", "_dummy_instantiate_spanned_expr", "ChoiceSymbol", "_dummy_instantiate_type_info", "WhenCase", "analyzer_analyze_expression", "List(Param)", "Param", "Span", "StringEqExpr", "Spanned(Statement)", "BinaryOp", "Assignment", "ElseBranch", "type_info_to_string", "List(Spanned(Declaration))", "List(WhenCase)", "type_info_is_array", "_dummy_instantiate_spanned_decl", "print_diagnostic", "CastExpr", "TypeInfoArray", "Spanned(Block)", "env_define", "_dummy_type_check_var_sym", "env_exit_scope", "alloc_array(DiagnosticError)", "Spanned(ElseBranch)", "List(Spanned(Expression))"], ["analyzer", "span", "msg", "err"], ["list", "item"], ["new_capacity", "new_buffer", "i"], []]
DEBUG: extract_generic_args expected_ast=T, actual_info=^DiagnosticError
DEBUG: extract_generic_args expected_ast=Int, actual_info=Int
DEBUG: extract_generic_args expected_ast=T, actual_info=DiagnosticError
DEBUG: Calling instantiate_generic for function 'ptr_write' with args ["DiagnosticError"]
DEBUG: instantiate_generic called with concrete_name = 'ptr_write(DiagnosticError)'
DEBUG: After instantiate_generic, trying to resolve 'ptr_write(DiagnosticError)'. Scopes: [["alloc_span", "Statement", "UnaryOp", "SymbolEntry", "analyzer_analyze_declaration", "List(Spanned(Type))", "FunctionCall", "print_float", "int_to_string", "FieldDecl", "StringIndexExpr", "FunctionSymbol", "analyze_program", "Scope", "Spanned(Declaration)", "Environment", "SemanticAnalyzer", "merge_span", "AssignOp", "Spanned(Type)", "Block", "env_resolve", "TypeInfo", "print_int", "List(Spanned(ImportDirective))", "Declaration", "DataDecl", "Spanned(Expression)", "List(VariantDecl)", "Program", "ExternDecl", "VarDecl", "List(FieldDecl)", "IfStmt", "BinaryExpr", "type_info_get_array_inner", "AllocExpr", "type_info_from_ast", "analyzer_analyze_statement", "analyzer_analyze_block", "print_string", "concat_strings", "Spanned(ImportDirective)", "FnDecl", "Type", "List(Spanned(Statement))", "type_info_equals", "_dummy_instantiate_spanned_stmt", "List(DiagnosticError)", "alloc_diagnostic_error", "DataSymbol", "puts", "List(String)", "PropertyAccess", "env_enter_scope", "VariableSymbol", "IndexExpr", "PrimaryExpr", "strlen", "env_new", "ptr_read(DiagnosticError)", "Symbol", "DiagnosticError", "list_push(DiagnosticError)", "StringSliceExpr", "UnaryExpr", "ImportDirective", "analyzer_register_declaration", "WhileStmt", "Expression", "VariantDecl", "StructFieldAccessExpr", "VectorSliceExpr", "analyzer_new", "VariantConstructExpr", "WhenExpr", "ChoiceDecl", "ReturnStmt", "report_error", "_dummy_instantiate_spanned_expr", "ChoiceSymbol", "_dummy_instantiate_type_info", "WhenCase", "analyzer_analyze_expression", "List(Param)", "Param", "Span", "StringEqExpr", "Spanned(Statement)", "BinaryOp", "Assignment", "ElseBranch", "type_info_to_string", "List(Spanned(Declaration))", "List(WhenCase)", "type_info_is_array", "_dummy_instantiate_spanned_decl", "print_diagnostic", "CastExpr", "TypeInfoArray", "Spanned(Block)", "env_define", "_dummy_type_check_var_sym", "env_exit_scope", "alloc_array(DiagnosticError)", "Spanned(ElseBranch)", "ptr_write(DiagnosticError)", "List(Spanned(Expression))"], ["analyzer", "span", "msg", "err"], ["list", "item"], ["new_capacity", "new_buffer", "i"], ["old_item"]]
DEBUG: extract_generic_args expected_ast=T, actual_info=^DiagnosticError
DEBUG: Calling instantiate_generic for function 'free_array' with args ["DiagnosticError"]
DEBUG: instantiate_generic called with concrete_name = 'free_array(DiagnosticError)'
DEBUG: After instantiate_generic, trying to resolve 'free_array(DiagnosticError)'. Scopes: [["alloc_span", "Statement", "UnaryOp", "SymbolEntry", "analyzer_analyze_declaration", "List(Spanned(Type))", "FunctionCall", "print_float", "int_to_string", "FieldDecl", "StringIndexExpr", "FunctionSymbol", "analyze_program", "Scope", "Spanned(Declaration)", "Environment", "SemanticAnalyzer", "merge_span", "AssignOp", "Spanned(Type)", "Block", "env_resolve", "TypeInfo", "print_int", "List(Spanned(ImportDirective))", "Declaration", "DataDecl", "Spanned(Expression)", "List(VariantDecl)", "Program", "ExternDecl", "VarDecl", "List(FieldDecl)", "IfStmt", "BinaryExpr", "type_info_get_array_inner", "AllocExpr", "type_info_from_ast", "analyzer_analyze_statement", "analyzer_analyze_block", "print_string", "concat_strings", "Spanned(ImportDirective)", "FnDecl", "Type", "List(Spanned(Statement))", "type_info_equals", "_dummy_instantiate_spanned_stmt", "List(DiagnosticError)", "alloc_diagnostic_error", "DataSymbol", "puts", "List(String)", "PropertyAccess", "env_enter_scope", "VariableSymbol", "IndexExpr", "PrimaryExpr", "strlen", "env_new", "ptr_read(DiagnosticError)", "Symbol", "DiagnosticError", "list_push(DiagnosticError)", "StringSliceExpr", "UnaryExpr", "ImportDirective", "analyzer_register_declaration", "WhileStmt", "Expression", "VariantDecl", "StructFieldAccessExpr", "VectorSliceExpr", "analyzer_new", "VariantConstructExpr", "WhenExpr", "ChoiceDecl", "ReturnStmt", "report_error", "_dummy_instantiate_spanned_expr", "ChoiceSymbol", "_dummy_instantiate_type_info", "WhenCase", "analyzer_analyze_expression", "List(Param)", "Param", "Span", "StringEqExpr", "Spanned(Statement)", "BinaryOp", "Assignment", "ElseBranch", "type_info_to_string", "List(Spanned(Declaration))", "List(WhenCase)", "type_info_is_array", "_dummy_instantiate_spanned_decl", "print_diagnostic", "free_array(DiagnosticError)", "CastExpr", "TypeInfoArray", "Spanned(Block)", "env_define", "_dummy_type_check_var_sym", "env_exit_scope", "alloc_array(DiagnosticError)", "Spanned(ElseBranch)", "ptr_write(DiagnosticError)", "List(Spanned(Expression))"], ["analyzer", "span", "msg", "err"], ["list", "item"], ["new_capacity", "new_buffer", "i"], []]
DEBUG: extract_generic_args expected_ast=T, actual_info=^DiagnosticError
DEBUG: extract_generic_args expected_ast=Int, actual_info=Int
DEBUG: extract_generic_args expected_ast=T, actual_info=DiagnosticError
DEBUG: Calling instantiate_generic for function 'ptr_write' with args ["DiagnosticError"]
DEBUG: instantiate_generic called with concrete_name = 'ptr_write(DiagnosticError)'
DEBUG: After instantiate_generic, trying to resolve 'ptr_write(DiagnosticError)'. Scopes: [["alloc_span", "Statement", "UnaryOp", "SymbolEntry", "analyzer_analyze_declaration", "List(Spanned(Type))", "FunctionCall", "print_float", "int_to_string", "FieldDecl", "StringIndexExpr", "FunctionSymbol", "analyze_program", "Scope", "Spanned(Declaration)", "Environment", "SemanticAnalyzer", "merge_span", "AssignOp", "Spanned(Type)", "Block", "env_resolve", "TypeInfo", "print_int", "List(Spanned(ImportDirective))", "Declaration", "DataDecl", "Spanned(Expression)", "List(VariantDecl)", "Program", "ExternDecl", "VarDecl", "List(FieldDecl)", "IfStmt", "BinaryExpr", "type_info_get_array_inner", "AllocExpr", "type_info_from_ast", "analyzer_analyze_statement", "analyzer_analyze_block", "print_string", "concat_strings", "Spanned(ImportDirective)", "FnDecl", "Type", "List(Spanned(Statement))", "type_info_equals", "_dummy_instantiate_spanned_stmt", "List(DiagnosticError)", "alloc_diagnostic_error", "DataSymbol", "puts", "List(String)", "PropertyAccess", "env_enter_scope", "VariableSymbol", "IndexExpr", "PrimaryExpr", "strlen", "env_new", "ptr_read(DiagnosticError)", "Symbol", "DiagnosticError", "list_push(DiagnosticError)", "StringSliceExpr", "UnaryExpr", "ImportDirective", "analyzer_register_declaration", "WhileStmt", "Expression", "VariantDecl", "StructFieldAccessExpr", "VectorSliceExpr", "analyzer_new", "VariantConstructExpr", "WhenExpr", "ChoiceDecl", "ReturnStmt", "report_error", "_dummy_instantiate_spanned_expr", "ChoiceSymbol", "_dummy_instantiate_type_info", "WhenCase", "analyzer_analyze_expression", "List(Param)", "Param", "Span", "StringEqExpr", "Spanned(Statement)", "BinaryOp", "Assignment", "ElseBranch", "type_info_to_string", "List(Spanned(Declaration))", "List(WhenCase)", "type_info_is_array", "_dummy_instantiate_spanned_decl", "print_diagnostic", "free_array(DiagnosticError)", "CastExpr", "TypeInfoArray", "Spanned(Block)", "env_define", "_dummy_type_check_var_sym", "env_exit_scope", "alloc_array(DiagnosticError)", "Spanned(ElseBranch)", "ptr_write(DiagnosticError)", "List(Spanned(Expression))"], ["analyzer", "span", "msg", "err"], ["list", "item"]]
DEBUG: After instantiate_generic, trying to resolve 'list_push(DiagnosticError)'. Scopes: [["alloc_span", "Statement", "UnaryOp", "SymbolEntry", "analyzer_analyze_declaration", "List(Spanned(Type))", "FunctionCall", "print_float", "int_to_string", "FieldDecl", "StringIndexExpr", "FunctionSymbol", "analyze_program", "Scope", "Spanned(Declaration)", "Environment", "SemanticAnalyzer", "merge_span", "AssignOp", "Spanned(Type)", "Block", "env_resolve", "TypeInfo", "print_int", "List(Spanned(ImportDirective))", "Declaration", "DataDecl", "Spanned(Expression)", "List(VariantDecl)", "Program", "ExternDecl", "VarDecl", "List(FieldDecl)", "IfStmt", "BinaryExpr", "type_info_get_array_inner", "AllocExpr", "type_info_from_ast", "analyzer_analyze_statement", "analyzer_analyze_block", "print_string", "concat_strings", "Spanned(ImportDirective)", "FnDecl", "Type", "List(Spanned(Statement))", "type_info_equals", "_dummy_instantiate_spanned_stmt", "List(DiagnosticError)", "alloc_diagnostic_error", "DataSymbol", "puts", "List(String)", "PropertyAccess", "env_enter_scope", "VariableSymbol", "IndexExpr", "PrimaryExpr", "strlen", "env_new", "ptr_read(DiagnosticError)", "Symbol", "DiagnosticError", "list_push(DiagnosticError)", "StringSliceExpr", "UnaryExpr", "ImportDirective", "analyzer_register_declaration", "WhileStmt", "Expression", "VariantDecl", "StructFieldAccessExpr", "VectorSliceExpr", "analyzer_new", "VariantConstructExpr", "WhenExpr", "ChoiceDecl", "ReturnStmt", "report_error", "_dummy_instantiate_spanned_expr", "ChoiceSymbol", "_dummy_instantiate_type_info", "WhenCase", "analyzer_analyze_expression", "List(Param)", "Param", "Span", "StringEqExpr", "Spanned(Statement)", "BinaryOp", "Assignment", "ElseBranch", "type_info_to_string", "List(Spanned(Declaration))", "List(WhenCase)", "type_info_is_array", "_dummy_instantiate_spanned_decl", "print_diagnostic", "free_array(DiagnosticError)", "CastExpr", "TypeInfoArray", "Spanned(Block)", "env_define", "_dummy_type_check_var_sym", "env_exit_scope", "alloc_array(DiagnosticError)", "Spanned(ElseBranch)", "ptr_write(DiagnosticError)", "List(Spanned(Expression))"], ["analyzer", "span", "msg", "err"]]
DEBUG: analyze_declaration for function '_dummy_instantiate_spanned_decl'
DEBUG: instantiate_generic called with concrete_name = 'Spanned(Declaration)'
DEBUG: analyze_declaration for function '_dummy_instantiate_spanned_expr'
DEBUG: instantiate_generic called with concrete_name = 'Spanned(Expression)'
DEBUG: analyze_declaration for function '_dummy_instantiate_spanned_stmt'
DEBUG: instantiate_generic called with concrete_name = 'Spanned(Statement)'
DEBUG: analyze_declaration for function '_dummy_instantiate_type_info'
DEBUG: analyze_declaration for function '_dummy_type_check_var_sym'
DEBUG: analyze_declaration for function 'analyze_program'
DEBUG: extract_generic_args expected_ast=List, actual_info=^List(Spanned(Declaration))
DEBUG: extract_generic_args expected_ast=T, actual_info=Spanned(Declaration)
DEBUG: extract_generic_args expected_ast=Int, actual_info=Int
DEBUG: Calling instantiate_generic for function 'list_get' with args ["Spanned(Declaration)"]
DEBUG: instantiate_generic called with concrete_name = 'list_get(Spanned(Declaration))'
DEBUG: instantiate_generic called with concrete_name = 'List(Spanned(Declaration))'
DEBUG: Registered function 'list_get(Spanned(Declaration))'
DEBUG: analyze_declaration for function 'list_get(Spanned(Declaration))'
DEBUG: instantiate_generic called with concrete_name = 'List(Spanned(Declaration))'
DEBUG: extract_generic_args expected_ast=T, actual_info=^Spanned(Declaration)
DEBUG: extract_generic_args expected_ast=Int, actual_info=Int
DEBUG: Calling instantiate_generic for function 'ptr_read' with args ["Spanned(Declaration)"]
DEBUG: instantiate_generic called with concrete_name = 'ptr_read(Spanned(Declaration))'
DEBUG: After instantiate_generic, trying to resolve 'ptr_read(Spanned(Declaration))'. Scopes: [["alloc_span", "Statement", "UnaryOp", "SymbolEntry", "analyzer_analyze_declaration", "List(Spanned(Type))", "FunctionCall", "print_float", "int_to_string", "FieldDecl", "StringIndexExpr", "FunctionSymbol", "analyze_program", "Scope", "Spanned(Declaration)", "Environment", "SemanticAnalyzer", "merge_span", "AssignOp", "Spanned(Type)", "Block", "env_resolve", "TypeInfo", "print_int", "List(Spanned(ImportDirective))", "Declaration", "DataDecl", "Spanned(Expression)", "List(VariantDecl)", "Program", "ExternDecl", "VarDecl", "List(FieldDecl)", "IfStmt", "BinaryExpr", "type_info_get_array_inner", "AllocExpr", "type_info_from_ast", "analyzer_analyze_statement", "analyzer_analyze_block", "print_string", "concat_strings", "Spanned(ImportDirective)", "FnDecl", "Type", "List(Spanned(Statement))", "type_info_equals", "_dummy_instantiate_spanned_stmt", "List(DiagnosticError)", "alloc_diagnostic_error", "DataSymbol", "puts", "List(String)", "PropertyAccess", "env_enter_scope", "VariableSymbol", "IndexExpr", "PrimaryExpr", "strlen", "env_new", "ptr_read(DiagnosticError)", "Symbol", "DiagnosticError", "list_push(DiagnosticError)", "StringSliceExpr", "UnaryExpr", "ImportDirective", "analyzer_register_declaration", "WhileStmt", "Expression", "VariantDecl", "StructFieldAccessExpr", "VectorSliceExpr", "analyzer_new", "VariantConstructExpr", "WhenExpr", "ChoiceDecl", "ReturnStmt", "report_error", "_dummy_instantiate_spanned_expr", "ChoiceSymbol", "_dummy_instantiate_type_info", "ptr_read(Spanned(Declaration))", "WhenCase", "analyzer_analyze_expression", "List(Param)", "Param", "Span", "StringEqExpr", "Spanned(Statement)", "BinaryOp", "Assignment", "ElseBranch", "type_info_to_string", "List(Spanned(Declaration))", "List(WhenCase)", "type_info_is_array", "_dummy_instantiate_spanned_decl", "print_diagnostic", "free_array(DiagnosticError)", "CastExpr", "TypeInfoArray", "Spanned(Block)", "env_define", "_dummy_type_check_var_sym", "env_exit_scope", "alloc_array(DiagnosticError)", "list_get(Spanned(Declaration))", "Spanned(ElseBranch)", "ptr_write(DiagnosticError)", "List(Spanned(Expression))"], ["i", "decl_list", "analyzer", "program"], [], ["list", "index"]]
DEBUG: After instantiate_generic, trying to resolve 'list_get(Spanned(Declaration))'. Scopes: [["alloc_span", "Statement", "UnaryOp", "SymbolEntry", "analyzer_analyze_declaration", "List(Spanned(Type))", "FunctionCall", "print_float", "int_to_string", "FieldDecl", "StringIndexExpr", "FunctionSymbol", "analyze_program", "Scope", "Spanned(Declaration)", "Environment", "SemanticAnalyzer", "merge_span", "AssignOp", "Spanned(Type)", "Block", "env_resolve", "TypeInfo", "print_int", "List(Spanned(ImportDirective))", "Declaration", "DataDecl", "Spanned(Expression)", "List(VariantDecl)", "Program", "ExternDecl", "VarDecl", "List(FieldDecl)", "IfStmt", "BinaryExpr", "type_info_get_array_inner", "AllocExpr", "type_info_from_ast", "analyzer_analyze_statement", "analyzer_analyze_block", "print_string", "concat_strings", "Spanned(ImportDirective)", "FnDecl", "Type", "List(Spanned(Statement))", "type_info_equals", "_dummy_instantiate_spanned_stmt", "List(DiagnosticError)", "alloc_diagnostic_error", "DataSymbol", "puts", "List(String)", "PropertyAccess", "env_enter_scope", "VariableSymbol", "IndexExpr", "PrimaryExpr", "strlen", "env_new", "ptr_read(DiagnosticError)", "Symbol", "DiagnosticError", "list_push(DiagnosticError)", "StringSliceExpr", "UnaryExpr", "ImportDirective", "analyzer_register_declaration", "WhileStmt", "Expression", "VariantDecl", "StructFieldAccessExpr", "VectorSliceExpr", "analyzer_new", "VariantConstructExpr", "WhenExpr", "ChoiceDecl", "ReturnStmt", "report_error", "_dummy_instantiate_spanned_expr", "ChoiceSymbol", "_dummy_instantiate_type_info", "ptr_read(Spanned(Declaration))", "WhenCase", "analyzer_analyze_expression", "List(Param)", "Param", "Span", "StringEqExpr", "Spanned(Statement)", "BinaryOp", "Assignment", "ElseBranch", "type_info_to_string", "List(Spanned(Declaration))", "List(WhenCase)", "type_info_is_array", "_dummy_instantiate_spanned_decl", "print_diagnostic", "free_array(DiagnosticError)", "CastExpr", "TypeInfoArray", "Spanned(Block)", "env_define", "_dummy_type_check_var_sym", "env_exit_scope", "alloc_array(DiagnosticError)", "list_get(Spanned(Declaration))", "Spanned(ElseBranch)", "ptr_write(DiagnosticError)", "List(Spanned(Expression))"], ["i", "decl_list", "analyzer", "program"], []]
DEBUG: extract_generic_args expected_ast=List, actual_info=^List(Spanned(Declaration))
DEBUG: extract_generic_args expected_ast=T, actual_info=Spanned(Declaration)
DEBUG: extract_generic_args expected_ast=Int, actual_info=Int
DEBUG: Calling instantiate_generic for function 'list_get' with args ["Spanned(Declaration)"]
DEBUG: instantiate_generic called with concrete_name = 'list_get(Spanned(Declaration))'
DEBUG: After instantiate_generic, trying to resolve 'list_get(Spanned(Declaration))'. Scopes: [["alloc_span", "Statement", "UnaryOp", "SymbolEntry", "analyzer_analyze_declaration", "List(Spanned(Type))", "FunctionCall", "print_float", "int_to_string", "FieldDecl", "StringIndexExpr", "FunctionSymbol", "analyze_program", "Scope", "Spanned(Declaration)", "Environment", "SemanticAnalyzer", "merge_span", "AssignOp", "Spanned(Type)", "Block", "env_resolve", "TypeInfo", "print_int", "List(Spanned(ImportDirective))", "Declaration", "DataDecl", "Spanned(Expression)", "List(VariantDecl)", "Program", "ExternDecl", "VarDecl", "List(FieldDecl)", "IfStmt", "BinaryExpr", "type_info_get_array_inner", "AllocExpr", "type_info_from_ast", "analyzer_analyze_statement", "analyzer_analyze_block", "print_string", "concat_strings", "Spanned(ImportDirective)", "FnDecl", "Type", "List(Spanned(Statement))", "type_info_equals", "_dummy_instantiate_spanned_stmt", "List(DiagnosticError)", "alloc_diagnostic_error", "DataSymbol", "puts", "List(String)", "PropertyAccess", "env_enter_scope", "VariableSymbol", "IndexExpr", "PrimaryExpr", "strlen", "env_new", "ptr_read(DiagnosticError)", "Symbol", "DiagnosticError", "list_push(DiagnosticError)", "StringSliceExpr", "UnaryExpr", "ImportDirective", "analyzer_register_declaration", "WhileStmt", "Expression", "VariantDecl", "StructFieldAccessExpr", "VectorSliceExpr", "analyzer_new", "VariantConstructExpr", "WhenExpr", "ChoiceDecl", "ReturnStmt", "report_error", "_dummy_instantiate_spanned_expr", "ChoiceSymbol", "_dummy_instantiate_type_info", "ptr_read(Spanned(Declaration))", "WhenCase", "analyzer_analyze_expression", "List(Param)", "Param", "Span", "StringEqExpr", "Spanned(Statement)", "BinaryOp", "Assignment", "ElseBranch", "type_info_to_string", "List(Spanned(Declaration))", "List(WhenCase)", "type_info_is_array", "_dummy_instantiate_spanned_decl", "print_diagnostic", "free_array(DiagnosticError)", "CastExpr", "TypeInfoArray", "Spanned(Block)", "env_define", "_dummy_type_check_var_sym", "env_exit_scope", "alloc_array(DiagnosticError)", "list_get(Spanned(Declaration))", "Spanned(ElseBranch)", "ptr_write(DiagnosticError)", "List(Spanned(Expression))"], ["i", "decl_list", "analyzer", "program"], []]
DEBUG: analyze_declaration for function 'analyzer_register_declaration'
DEBUG: instantiate_generic called with concrete_name = 'Spanned(Type)'
DEBUG: instantiate_generic called with concrete_name = 'Spanned(Type)'
DEBUG: instantiate_generic called with concrete_name = 'Spanned(Type)'
DEBUG: instantiate_generic called with concrete_name = 'Spanned(Type)'
DEBUG: analyze_declaration for function 'analyzer_analyze_declaration'
DEBUG: extract_generic_args expected_ast=List, actual_info=^List(Param)
DEBUG: extract_generic_args expected_ast=T, actual_info=Param
DEBUG: extract_generic_args expected_ast=Int, actual_info=Int
DEBUG: Calling instantiate_generic for function 'list_get' with args ["Param"]
DEBUG: instantiate_generic called with concrete_name = 'list_get(Param)'
DEBUG: instantiate_generic called with concrete_name = 'List(Param)'
DEBUG: Registered function 'list_get(Param)'
DEBUG: analyze_declaration for function 'list_get(Param)'
DEBUG: instantiate_generic called with concrete_name = 'List(Param)'
DEBUG: extract_generic_args expected_ast=T, actual_info=^Param
DEBUG: extract_generic_args expected_ast=Int, actual_info=Int
DEBUG: Calling instantiate_generic for function 'ptr_read' with args ["Param"]
DEBUG: instantiate_generic called with concrete_name = 'ptr_read(Param)'
DEBUG: After instantiate_generic, trying to resolve 'ptr_read(Param)'. Scopes: [["alloc_span", "list_get(Param)", "Statement", "UnaryOp", "analyzer_analyze_declaration", "List(Spanned(Type))", "int_to_string", "FieldDecl", "FunctionSymbol", "Scope", "SemanticAnalyzer", "merge_span", "ptr_read(Param)", "Spanned(Type)", "Block", "env_resolve", "TypeInfo", "IfStmt", "VarDecl", "List(VariantDecl)", "Program", "type_info_from_ast", "Spanned(ImportDirective)", "Type", "List(Spanned(Statement))", "type_info_equals", "alloc_diagnostic_error", "puts", "PropertyAccess", "env_enter_scope", "VariableSymbol", "PrimaryExpr", "env_new", "ptr_read(DiagnosticError)", "Symbol", "list_push(DiagnosticError)", "StringSliceExpr", "ptr_read(Spanned(Declaration))", "WhileStmt", "StructFieldAccessExpr", "VectorSliceExpr", "VariantConstructExpr", "_dummy_instantiate_type_info", "ChoiceSymbol", "Span", "StringEqExpr", "_dummy_instantiate_spanned_decl", "Assignment", "List(Spanned(Declaration))", "print_diagnostic", "TypeInfoArray", "env_define", "alloc_array(DiagnosticError)", "env_exit_scope", "List(Spanned(Expression))", "SymbolEntry", "FunctionCall", "print_float", "StringIndexExpr", "analyze_program", "Spanned(Declaration)", "Environment", "AssignOp", "analyzer_analyze_statement", "print_int", "List(Spanned(ImportDirective))", "Declaration", "DataDecl", "Spanned(Expression)", "BinaryExpr", "ExternDecl", "type_info_get_array_inner", "List(FieldDecl)", "AllocExpr", "analyzer_analyze_block", "print_string", "concat_strings", "_dummy_instantiate_spanned_stmt", "FnDecl", "List(DiagnosticError)", "DataSymbol", "List(String)", "IndexExpr", "strlen", "DiagnosticError", "UnaryExpr", "ImportDirective", "analyzer_register_declaration", "Expression", "VariantDecl", "analyzer_new", "_dummy_instantiate_spanned_expr", "WhenExpr", "ChoiceDecl", "ReturnStmt", "report_error", "WhenCase", "analyzer_analyze_expression", "List(Param)", "Param", "free_array(DiagnosticError)", "Spanned(Statement)", "BinaryOp", "ElseBranch", "type_info_is_array", "type_info_to_string", "List(WhenCase)", "list_get(Spanned(Declaration))", "CastExpr", "_dummy_type_check_var_sym", "Spanned(Block)", "Spanned(ElseBranch)", "ptr_write(DiagnosticError)"], ["analyzer", "decl"], ["i", "fn_decl"], [], ["index", "list"]]
DEBUG: After instantiate_generic, trying to resolve 'list_get(Param)'. Scopes: [["alloc_span", "list_get(Param)", "Statement", "UnaryOp", "analyzer_analyze_declaration", "List(Spanned(Type))", "int_to_string", "FieldDecl", "FunctionSymbol", "Scope", "SemanticAnalyzer", "merge_span", "ptr_read(Param)", "Spanned(Type)", "Block", "env_resolve", "TypeInfo", "IfStmt", "VarDecl", "List(VariantDecl)", "Program", "type_info_from_ast", "Spanned(ImportDirective)", "Type", "List(Spanned(Statement))", "type_info_equals", "alloc_diagnostic_error", "puts", "PropertyAccess", "env_enter_scope", "VariableSymbol", "PrimaryExpr", "env_new", "ptr_read(DiagnosticError)", "Symbol", "list_push(DiagnosticError)", "StringSliceExpr", "ptr_read(Spanned(Declaration))", "WhileStmt", "StructFieldAccessExpr", "VectorSliceExpr", "VariantConstructExpr", "_dummy_instantiate_type_info", "ChoiceSymbol", "Span", "StringEqExpr", "_dummy_instantiate_spanned_decl", "Assignment", "List(Spanned(Declaration))", "print_diagnostic", "TypeInfoArray", "env_define", "alloc_array(DiagnosticError)", "env_exit_scope", "List(Spanned(Expression))", "SymbolEntry", "FunctionCall", "print_float", "StringIndexExpr", "analyze_program", "Spanned(Declaration)", "Environment", "AssignOp", "analyzer_analyze_statement", "print_int", "List(Spanned(ImportDirective))", "Declaration", "DataDecl", "Spanned(Expression)", "BinaryExpr", "ExternDecl", "type_info_get_array_inner", "List(FieldDecl)", "AllocExpr", "analyzer_analyze_block", "print_string", "concat_strings", "_dummy_instantiate_spanned_stmt", "FnDecl", "List(DiagnosticError)", "DataSymbol", "List(String)", "IndexExpr", "strlen", "DiagnosticError", "UnaryExpr", "ImportDirective", "analyzer_register_declaration", "Expression", "VariantDecl", "analyzer_new", "_dummy_instantiate_spanned_expr", "WhenExpr", "ChoiceDecl", "ReturnStmt", "report_error", "WhenCase", "analyzer_analyze_expression", "List(Param)", "Param", "free_array(DiagnosticError)", "Spanned(Statement)", "BinaryOp", "ElseBranch", "type_info_is_array", "type_info_to_string", "List(WhenCase)", "list_get(Spanned(Declaration))", "CastExpr", "_dummy_type_check_var_sym", "Spanned(Block)", "Spanned(ElseBranch)", "ptr_write(DiagnosticError)"], ["analyzer", "decl"], ["i", "fn_decl"], []]
DEBUG: analyze_declaration for function 'analyzer_analyze_block'
DEBUG: instantiate_generic called with concrete_name = 'Spanned(Block)'
DEBUG: extract_generic_args expected_ast=List, actual_info=^List(Spanned(Statement))
DEBUG: extract_generic_args expected_ast=T, actual_info=Spanned(Statement)
DEBUG: extract_generic_args expected_ast=Int, actual_info=Int
DEBUG: Calling instantiate_generic for function 'list_get' with args ["Spanned(Statement)"]
DEBUG: instantiate_generic called with concrete_name = 'list_get(Spanned(Statement))'
DEBUG: instantiate_generic called with concrete_name = 'List(Spanned(Statement))'
DEBUG: Registered function 'list_get(Spanned(Statement))'
DEBUG: analyze_declaration for function 'list_get(Spanned(Statement))'
DEBUG: instantiate_generic called with concrete_name = 'List(Spanned(Statement))'
DEBUG: extract_generic_args expected_ast=T, actual_info=^Spanned(Statement)
DEBUG: extract_generic_args expected_ast=Int, actual_info=Int
DEBUG: Calling instantiate_generic for function 'ptr_read' with args ["Spanned(Statement)"]
DEBUG: instantiate_generic called with concrete_name = 'ptr_read(Spanned(Statement))'
DEBUG: After instantiate_generic, trying to resolve 'ptr_read(Spanned(Statement))'. Scopes: [["alloc_span", "list_get(Param)", "Statement", "UnaryOp", "analyzer_analyze_declaration", "List(Spanned(Type))", "int_to_string", "FieldDecl", "FunctionSymbol", "Scope", "SemanticAnalyzer", "merge_span", "ptr_read(Param)", "Spanned(Type)", "Block", "env_resolve", "TypeInfo", "IfStmt", "VarDecl", "List(VariantDecl)", "Program", "type_info_from_ast", "Spanned(ImportDirective)", "Type", "List(Spanned(Statement))", "type_info_equals", "alloc_diagnostic_error", "puts", "PropertyAccess", "env_enter_scope", "VariableSymbol", "PrimaryExpr", "env_new", "ptr_read(DiagnosticError)", "Symbol", "list_push(DiagnosticError)", "StringSliceExpr", "ptr_read(Spanned(Declaration))", "WhileStmt", "StructFieldAccessExpr", "VectorSliceExpr", "VariantConstructExpr", "_dummy_instantiate_type_info", "ChoiceSymbol", "ptr_read(Spanned(Statement))", "Span", "StringEqExpr", "_dummy_instantiate_spanned_decl", "Assignment", "List(Spanned(Declaration))", "print_diagnostic", "TypeInfoArray", "env_define", "alloc_array(DiagnosticError)", "env_exit_scope", "List(Spanned(Expression))", "list_get(Spanned(Statement))", "SymbolEntry", "FunctionCall", "print_float", "StringIndexExpr", "analyze_program", "Spanned(Declaration)", "Environment", "AssignOp", "analyzer_analyze_statement", "print_int", "List(Spanned(ImportDirective))", "Declaration", "DataDecl", "Spanned(Expression)", "BinaryExpr", "ExternDecl", "type_info_get_array_inner", "List(FieldDecl)", "AllocExpr", "analyzer_analyze_block", "print_string", "concat_strings", "_dummy_instantiate_spanned_stmt", "FnDecl", "List(DiagnosticError)", "DataSymbol", "List(String)", "IndexExpr", "strlen", "DiagnosticError", "UnaryExpr", "ImportDirective", "analyzer_register_declaration", "Expression", "VariantDecl", "analyzer_new", "_dummy_instantiate_spanned_expr", "WhenExpr", "ChoiceDecl", "ReturnStmt", "report_error", "WhenCase", "analyzer_analyze_expression", "List(Param)", "Param", "free_array(DiagnosticError)", "Spanned(Statement)", "BinaryOp", "ElseBranch", "type_info_is_array", "type_info_to_string", "List(WhenCase)", "list_get(Spanned(Declaration))", "CastExpr", "_dummy_type_check_var_sym", "Spanned(Block)", "Spanned(ElseBranch)", "ptr_write(DiagnosticError)"], ["b", "i", "analyzer", "block"], [], ["index", "list"]]
DEBUG: After instantiate_generic, trying to resolve 'list_get(Spanned(Statement))'. Scopes: [["alloc_span", "list_get(Param)", "Statement", "UnaryOp", "analyzer_analyze_declaration", "List(Spanned(Type))", "int_to_string", "FieldDecl", "FunctionSymbol", "Scope", "SemanticAnalyzer", "merge_span", "ptr_read(Param)", "Spanned(Type)", "Block", "env_resolve", "TypeInfo", "IfStmt", "VarDecl", "List(VariantDecl)", "Program", "type_info_from_ast", "Spanned(ImportDirective)", "Type", "List(Spanned(Statement))", "type_info_equals", "alloc_diagnostic_error", "puts", "PropertyAccess", "env_enter_scope", "VariableSymbol", "PrimaryExpr", "env_new", "ptr_read(DiagnosticError)", "Symbol", "list_push(DiagnosticError)", "StringSliceExpr", "ptr_read(Spanned(Declaration))", "WhileStmt", "StructFieldAccessExpr", "VectorSliceExpr", "VariantConstructExpr", "_dummy_instantiate_type_info", "ChoiceSymbol", "ptr_read(Spanned(Statement))", "Span", "StringEqExpr", "_dummy_instantiate_spanned_decl", "Assignment", "List(Spanned(Declaration))", "print_diagnostic", "TypeInfoArray", "env_define", "alloc_array(DiagnosticError)", "env_exit_scope", "List(Spanned(Expression))", "list_get(Spanned(Statement))", "SymbolEntry", "FunctionCall", "print_float", "StringIndexExpr", "analyze_program", "Spanned(Declaration)", "Environment", "AssignOp", "analyzer_analyze_statement", "print_int", "List(Spanned(ImportDirective))", "Declaration", "DataDecl", "Spanned(Expression)", "BinaryExpr", "ExternDecl", "type_info_get_array_inner", "List(FieldDecl)", "AllocExpr", "analyzer_analyze_block", "print_string", "concat_strings", "_dummy_instantiate_spanned_stmt", "FnDecl", "List(DiagnosticError)", "DataSymbol", "List(String)", "IndexExpr", "strlen", "DiagnosticError", "UnaryExpr", "ImportDirective", "analyzer_register_declaration", "Expression", "VariantDecl", "analyzer_new", "_dummy_instantiate_spanned_expr", "WhenExpr", "ChoiceDecl", "ReturnStmt", "report_error", "WhenCase", "analyzer_analyze_expression", "List(Param)", "Param", "free_array(DiagnosticError)", "Spanned(Statement)", "BinaryOp", "ElseBranch", "type_info_is_array", "type_info_to_string", "List(WhenCase)", "list_get(Spanned(Declaration))", "CastExpr", "_dummy_type_check_var_sym", "Spanned(Block)", "Spanned(ElseBranch)", "ptr_write(DiagnosticError)"], ["b", "i", "analyzer", "block"], []]
DEBUG: instantiate_generic called with concrete_name = 'Spanned(Statement)'
DEBUG: analyze_declaration for function 'analyzer_analyze_statement'
DEBUG: instantiate_generic called with concrete_name = 'Spanned(Statement)'
DEBUG: instantiate_generic called with concrete_name = 'Spanned(Type)'
DEBUG: instantiate_generic called with concrete_name = 'Spanned(Type)'
DEBUG: instantiate_generic called with concrete_name = 'Spanned(ElseBranch)'
DEBUG: instantiate_generic called with concrete_name = 'Spanned(ElseBranch)'
DEBUG: instantiate_generic called with concrete_name = 'Spanned(Statement)'
DEBUG: instantiate_generic called with concrete_name = 'Spanned(Block)'
DEBUG: instantiate_generic called with concrete_name = 'Spanned(Expression)'
DEBUG: instantiate_generic called with concrete_name = 'Spanned(Expression)'
DEBUG: analyze_declaration for function 'analyzer_analyze_expression'
DEBUG: instantiate_generic called with concrete_name = 'Spanned(Expression)'
DEBUG: analyze_statement called for 'let el = list_get(exprs, i)'
DEBUG: Backtrace:
<disabled>
DEBUG: analyze_expression called for list_get
DEBUG: extract_generic_args expected_ast=List, actual_info=^List(Spanned(Expression))
DEBUG: extract_generic_args expected_ast=T, actual_info=Spanned(Expression)
DEBUG: extract_generic_args expected_ast=Int, actual_info=Int
DEBUG: Calling instantiate_generic for function 'list_get' with args ["Spanned(Expression)"]
DEBUG: instantiate_generic called with concrete_name = 'list_get(Spanned(Expression))'
DEBUG: instantiate_generic called with concrete_name = 'List(Spanned(Expression))'
DEBUG: Registered function 'list_get(Spanned(Expression))'
DEBUG: analyze_declaration for function 'list_get(Spanned(Expression))'
DEBUG: instantiate_generic called with concrete_name = 'List(Spanned(Expression))'
DEBUG: extract_generic_args expected_ast=T, actual_info=^Spanned(Expression)
DEBUG: extract_generic_args expected_ast=Int, actual_info=Int
DEBUG: Calling instantiate_generic for function 'ptr_read' with args ["Spanned(Expression)"]
DEBUG: instantiate_generic called with concrete_name = 'ptr_read(Spanned(Expression))'
DEBUG: After instantiate_generic, trying to resolve 'ptr_read(Spanned(Expression))'. Scopes: [["alloc_span", "list_get(Param)", "Statement", "UnaryOp", "analyzer_analyze_declaration", "List(Spanned(Type))", "int_to_string", "FieldDecl", "FunctionSymbol", "Scope", "SemanticAnalyzer", "merge_span", "ptr_read(Param)", "Spanned(Type)", "Block", "env_resolve", "TypeInfo", "IfStmt", "VarDecl", "List(VariantDecl)", "Program", "type_info_from_ast", "Spanned(ImportDirective)", "Type", "List(Spanned(Statement))", "type_info_equals", "alloc_diagnostic_error", "puts", "PropertyAccess", "env_enter_scope", "VariableSymbol", "PrimaryExpr", "env_new", "ptr_read(DiagnosticError)", "Symbol", "list_push(DiagnosticError)", "StringSliceExpr", "ptr_read(Spanned(Declaration))", "WhileStmt", "StructFieldAccessExpr", "VectorSliceExpr", "VariantConstructExpr", "_dummy_instantiate_type_info", "ChoiceSymbol", "ptr_read(Spanned(Statement))", "Span", "StringEqExpr", "_dummy_instantiate_spanned_decl", "Assignment", "List(Spanned(Declaration))", "print_diagnostic", "TypeInfoArray", "env_define", "alloc_array(DiagnosticError)", "env_exit_scope", "List(Spanned(Expression))", "list_get(Spanned(Statement))", "SymbolEntry", "FunctionCall", "print_float", "StringIndexExpr", "analyze_program", "Spanned(Declaration)", "Environment", "AssignOp", "analyzer_analyze_statement", "print_int", "List(Spanned(ImportDirective))", "Declaration", "DataDecl", "Spanned(Expression)", "BinaryExpr", "ExternDecl", "type_info_get_array_inner", "ptr_read(Spanned(Expression))", "List(FieldDecl)", "AllocExpr", "analyzer_analyze_block", "print_string", "concat_strings", "_dummy_instantiate_spanned_stmt", "FnDecl", "List(DiagnosticError)", "DataSymbol", "list_get(Spanned(Expression))", "List(String)", "IndexExpr", "strlen", "DiagnosticError", "UnaryExpr", "ImportDirective", "analyzer_register_declaration", "Expression", "VariantDecl", "analyzer_new", "_dummy_instantiate_spanned_expr", "WhenExpr", "ChoiceDecl", "ReturnStmt", "report_error", "WhenCase", "analyzer_analyze_expression", "List(Param)", "Param", "free_array(DiagnosticError)", "Spanned(Statement)", "BinaryOp", "ElseBranch", "type_info_is_array", "type_info_to_string", "List(WhenCase)", "list_get(Spanned(Declaration))", "CastExpr", "_dummy_type_check_var_sym", "Spanned(Block)", "Spanned(ElseBranch)", "ptr_write(DiagnosticError)"], ["ret_ty", "analyzer", "expr"], ["prim"], ["i", "exprs", "inner_ty"], [], ["list", "index"]]
DEBUG: After instantiate_generic, trying to resolve 'list_get(Spanned(Expression))'. Scopes: [["alloc_span", "list_get(Param)", "Statement", "UnaryOp", "analyzer_analyze_declaration", "List(Spanned(Type))", "int_to_string", "FieldDecl", "FunctionSymbol", "Scope", "SemanticAnalyzer", "merge_span", "ptr_read(Param)", "Spanned(Type)", "Block", "env_resolve", "TypeInfo", "IfStmt", "VarDecl", "List(VariantDecl)", "Program", "type_info_from_ast", "Spanned(ImportDirective)", "Type", "List(Spanned(Statement))", "type_info_equals", "alloc_diagnostic_error", "puts", "PropertyAccess", "env_enter_scope", "VariableSymbol", "PrimaryExpr", "env_new", "ptr_read(DiagnosticError)", "Symbol", "list_push(DiagnosticError)", "StringSliceExpr", "ptr_read(Spanned(Declaration))", "WhileStmt", "StructFieldAccessExpr", "VectorSliceExpr", "VariantConstructExpr", "_dummy_instantiate_type_info", "ChoiceSymbol", "ptr_read(Spanned(Statement))", "Span", "StringEqExpr", "_dummy_instantiate_spanned_decl", "Assignment", "List(Spanned(Declaration))", "print_diagnostic", "TypeInfoArray", "env_define", "alloc_array(DiagnosticError)", "env_exit_scope", "List(Spanned(Expression))", "list_get(Spanned(Statement))", "SymbolEntry", "FunctionCall", "print_float", "StringIndexExpr", "analyze_program", "Spanned(Declaration)", "Environment", "AssignOp", "analyzer_analyze_statement", "print_int", "List(Spanned(ImportDirective))", "Declaration", "DataDecl", "Spanned(Expression)", "BinaryExpr", "ExternDecl", "type_info_get_array_inner", "ptr_read(Spanned(Expression))", "List(FieldDecl)", "AllocExpr", "analyzer_analyze_block", "print_string", "concat_strings", "_dummy_instantiate_spanned_stmt", "FnDecl", "List(DiagnosticError)", "DataSymbol", "list_get(Spanned(Expression))", "List(String)", "IndexExpr", "strlen", "DiagnosticError", "UnaryExpr", "ImportDirective", "analyzer_register_declaration", "Expression", "VariantDecl", "analyzer_new", "_dummy_instantiate_spanned_expr", "WhenExpr", "ChoiceDecl", "ReturnStmt", "report_error", "WhenCase", "analyzer_analyze_expression", "List(Param)", "Param", "free_array(DiagnosticError)", "Spanned(Statement)", "BinaryOp", "ElseBranch", "type_info_is_array", "type_info_to_string", "List(WhenCase)", "list_get(Spanned(Declaration))", "CastExpr", "_dummy_type_check_var_sym", "Spanned(Block)", "Spanned(ElseBranch)", "ptr_write(DiagnosticError)"], ["ret_ty", "analyzer", "expr"], ["prim"], ["i", "exprs", "inner_ty"], []]
DEBUG: instantiate_generic called with concrete_name = 'Spanned(Expression)'
DEBUG: analyze_statement called for 'let el = list_get(exprs, i)'
DEBUG: Backtrace:
<disabled>
DEBUG: analyze_expression called for list_get
DEBUG: instantiate_generic called with concrete_name = 'Spanned(Expression)'
DEBUG: extract_generic_args expected_ast=List, actual_info=^List(Spanned(Expression))
DEBUG: extract_generic_args expected_ast=T, actual_info=Spanned(Expression)
DEBUG: extract_generic_args expected_ast=Int, actual_info=Int
DEBUG: Calling instantiate_generic for function 'list_get' with args ["Spanned(Expression)"]
DEBUG: instantiate_generic called with concrete_name = 'list_get(Spanned(Expression))'
DEBUG: After instantiate_generic, trying to resolve 'list_get(Spanned(Expression))'. Scopes: [["alloc_span", "list_get(Param)", "Statement", "UnaryOp", "analyzer_analyze_declaration", "List(Spanned(Type))", "int_to_string", "FieldDecl", "FunctionSymbol", "Scope", "SemanticAnalyzer", "merge_span", "ptr_read(Param)", "Spanned(Type)", "Block", "env_resolve", "TypeInfo", "IfStmt", "VarDecl", "List(VariantDecl)", "Program", "type_info_from_ast", "Spanned(ImportDirective)", "Type", "List(Spanned(Statement))", "type_info_equals", "alloc_diagnostic_error", "puts", "PropertyAccess", "env_enter_scope", "VariableSymbol", "PrimaryExpr", "env_new", "ptr_read(DiagnosticError)", "Symbol", "list_push(DiagnosticError)", "StringSliceExpr", "ptr_read(Spanned(Declaration))", "WhileStmt", "StructFieldAccessExpr", "VectorSliceExpr", "VariantConstructExpr", "_dummy_instantiate_type_info", "ChoiceSymbol", "ptr_read(Spanned(Statement))", "Span", "StringEqExpr", "_dummy_instantiate_spanned_decl", "Assignment", "List(Spanned(Declaration))", "print_diagnostic", "TypeInfoArray", "env_define", "alloc_array(DiagnosticError)", "env_exit_scope", "List(Spanned(Expression))", "list_get(Spanned(Statement))", "SymbolEntry", "FunctionCall", "print_float", "StringIndexExpr", "analyze_program", "Spanned(Declaration)", "Environment", "AssignOp", "analyzer_analyze_statement", "print_int", "List(Spanned(ImportDirective))", "Declaration", "DataDecl", "Spanned(Expression)", "BinaryExpr", "ExternDecl", "type_info_get_array_inner", "ptr_read(Spanned(Expression))", "List(FieldDecl)", "AllocExpr", "analyzer_analyze_block", "print_string", "concat_strings", "_dummy_instantiate_spanned_stmt", "FnDecl", "List(DiagnosticError)", "DataSymbol", "list_get(Spanned(Expression))", "List(String)", "IndexExpr", "strlen", "DiagnosticError", "UnaryExpr", "ImportDirective", "analyzer_register_declaration", "Expression", "VariantDecl", "analyzer_new", "_dummy_instantiate_spanned_expr", "WhenExpr", "ChoiceDecl", "ReturnStmt", "report_error", "WhenCase", "analyzer_analyze_expression", "List(Param)", "Param", "free_array(DiagnosticError)", "Spanned(Statement)", "BinaryOp", "ElseBranch", "type_info_is_array", "type_info_to_string", "List(WhenCase)", "list_get(Spanned(Declaration))", "CastExpr", "_dummy_type_check_var_sym", "Spanned(Block)", "Spanned(ElseBranch)", "ptr_write(DiagnosticError)"], ["ret_ty", "analyzer", "expr"], ["call", "callee_ty", "i", "c"], []]
DEBUG: instantiate_generic called with concrete_name = 'Spanned(Expression)'
DEBUG: extract_generic_args expected_ast=List, actual_info=^List(WhenCase)
DEBUG: extract_generic_args expected_ast=T, actual_info=WhenCase
DEBUG: extract_generic_args expected_ast=Int, actual_info=Int
DEBUG: Calling instantiate_generic for function 'list_get' with args ["WhenCase"]
DEBUG: instantiate_generic called with concrete_name = 'list_get(WhenCase)'
DEBUG: instantiate_generic called with concrete_name = 'List(WhenCase)'
DEBUG: Registered function 'list_get(WhenCase)'
DEBUG: analyze_declaration for function 'list_get(WhenCase)'
DEBUG: instantiate_generic called with concrete_name = 'List(WhenCase)'
DEBUG: extract_generic_args expected_ast=T, actual_info=^WhenCase
DEBUG: extract_generic_args expected_ast=Int, actual_info=Int
DEBUG: Calling instantiate_generic for function 'ptr_read' with args ["WhenCase"]
DEBUG: instantiate_generic called with concrete_name = 'ptr_read(WhenCase)'
DEBUG: After instantiate_generic, trying to resolve 'ptr_read(WhenCase)'. Scopes: [["alloc_span", "list_get(Param)", "Statement", "UnaryOp", "analyzer_analyze_declaration", "List(Spanned(Type))", "int_to_string", "FieldDecl", "FunctionSymbol", "Scope", "SemanticAnalyzer", "merge_span", "ptr_read(Param)", "Spanned(Type)", "Block", "env_resolve", "ptr_read(WhenCase)", "TypeInfo", "IfStmt", "VarDecl", "List(VariantDecl)", "Program", "type_info_from_ast", "Spanned(ImportDirective)", "Type", "List(Spanned(Statement))", "type_info_equals", "alloc_diagnostic_error", "puts", "PropertyAccess", "env_enter_scope", "VariableSymbol", "PrimaryExpr", "env_new", "ptr_read(DiagnosticError)", "Symbol", "list_push(DiagnosticError)", "StringSliceExpr", "ptr_read(Spanned(Declaration))", "WhileStmt", "StructFieldAccessExpr", "VectorSliceExpr", "VariantConstructExpr", "_dummy_instantiate_type_info", "list_get(WhenCase)", "ChoiceSymbol", "ptr_read(Spanned(Statement))", "Span", "StringEqExpr", "_dummy_instantiate_spanned_decl", "Assignment", "List(Spanned(Declaration))", "print_diagnostic", "TypeInfoArray", "env_define", "alloc_array(DiagnosticError)", "env_exit_scope", "List(Spanned(Expression))", "list_get(Spanned(Statement))", "SymbolEntry", "FunctionCall", "print_float", "StringIndexExpr", "analyze_program", "Spanned(Declaration)", "Environment", "AssignOp", "analyzer_analyze_statement", "print_int", "List(Spanned(ImportDirective))", "Declaration", "DataDecl", "Spanned(Expression)", "BinaryExpr", "ExternDecl", "type_info_get_array_inner", "ptr_read(Spanned(Expression))", "List(FieldDecl)", "AllocExpr", "analyzer_analyze_block", "print_string", "concat_strings", "_dummy_instantiate_spanned_stmt", "FnDecl", "List(DiagnosticError)", "DataSymbol", "list_get(Spanned(Expression))", "List(String)", "IndexExpr", "strlen", "DiagnosticError", "UnaryExpr", "ImportDirective", "analyzer_register_declaration", "Expression", "VariantDecl", "analyzer_new", "_dummy_instantiate_spanned_expr", "WhenExpr", "ChoiceDecl", "ReturnStmt", "report_error", "WhenCase", "analyzer_analyze_expression", "List(Param)", "Param", "free_array(DiagnosticError)", "Spanned(Statement)", "BinaryOp", "ElseBranch", "type_info_is_array", "type_info_to_string", "List(WhenCase)", "list_get(Spanned(Declaration))", "CastExpr", "_dummy_type_check_var_sym", "Spanned(Block)", "Spanned(ElseBranch)", "ptr_write(DiagnosticError)"], ["ret_ty", "analyzer", "expr"], ["i", "target_ty", "wh", "w"], [], ["list", "index"]]
DEBUG: After instantiate_generic, trying to resolve 'list_get(WhenCase)'. Scopes: [["alloc_span", "list_get(Param)", "Statement", "UnaryOp", "analyzer_analyze_declaration", "List(Spanned(Type))", "int_to_string", "FieldDecl", "FunctionSymbol", "Scope", "SemanticAnalyzer", "merge_span", "ptr_read(Param)", "Spanned(Type)", "Block", "env_resolve", "ptr_read(WhenCase)", "TypeInfo", "IfStmt", "VarDecl", "List(VariantDecl)", "Program", "type_info_from_ast", "Spanned(ImportDirective)", "Type", "List(Spanned(Statement))", "type_info_equals", "alloc_diagnostic_error", "puts", "PropertyAccess", "env_enter_scope", "VariableSymbol", "PrimaryExpr", "env_new", "ptr_read(DiagnosticError)", "Symbol", "list_push(DiagnosticError)", "StringSliceExpr", "ptr_read(Spanned(Declaration))", "WhileStmt", "StructFieldAccessExpr", "VectorSliceExpr", "VariantConstructExpr", "_dummy_instantiate_type_info", "list_get(WhenCase)", "ChoiceSymbol", "ptr_read(Spanned(Statement))", "Span", "StringEqExpr", "_dummy_instantiate_spanned_decl", "Assignment", "List(Spanned(Declaration))", "print_diagnostic", "TypeInfoArray", "env_define", "alloc_array(DiagnosticError)", "env_exit_scope", "List(Spanned(Expression))", "list_get(Spanned(Statement))", "SymbolEntry", "FunctionCall", "print_float", "StringIndexExpr", "analyze_program", "Spanned(Declaration)", "Environment", "AssignOp", "analyzer_analyze_statement", "print_int", "List(Spanned(ImportDirective))", "Declaration", "DataDecl", "Spanned(Expression)", "BinaryExpr", "ExternDecl", "type_info_get_array_inner", "ptr_read(Spanned(Expression))", "List(FieldDecl)", "AllocExpr", "analyzer_analyze_block", "print_string", "concat_strings", "_dummy_instantiate_spanned_stmt", "FnDecl", "List(DiagnosticError)", "DataSymbol", "list_get(Spanned(Expression))", "List(String)", "IndexExpr", "strlen", "DiagnosticError", "UnaryExpr", "ImportDirective", "analyzer_register_declaration", "Expression", "VariantDecl", "analyzer_new", "_dummy_instantiate_spanned_expr", "WhenExpr", "ChoiceDecl", "ReturnStmt", "report_error", "WhenCase", "analyzer_analyze_expression", "List(Param)", "Param", "free_array(DiagnosticError)", "Spanned(Statement)", "BinaryOp", "ElseBranch", "type_info_is_array", "type_info_to_string", "List(WhenCase)", "list_get(Spanned(Declaration))", "CastExpr", "_dummy_type_check_var_sym", "Spanned(Block)", "Spanned(ElseBranch)", "ptr_write(DiagnosticError)"], ["ret_ty", "analyzer", "expr"], ["i", "target_ty", "wh", "w"], []]
DEBUG: instantiate_generic called with concrete_name = 'Spanned(Block)'
DEBUG: extract_generic_args expected_ast=List, actual_info=^List(Spanned(Expression))
DEBUG: extract_generic_args expected_ast=T, actual_info=Spanned(Expression)
DEBUG: extract_generic_args expected_ast=Int, actual_info=Int
DEBUG: Calling instantiate_generic for function 'list_get' with args ["Spanned(Expression)"]
DEBUG: instantiate_generic called with concrete_name = 'list_get(Spanned(Expression))'
DEBUG: After instantiate_generic, trying to resolve 'list_get(Spanned(Expression))'. Scopes: [["alloc_span", "list_get(Param)", "Statement", "UnaryOp", "analyzer_analyze_declaration", "List(Spanned(Type))", "int_to_string", "FieldDecl", "FunctionSymbol", "Scope", "SemanticAnalyzer", "merge_span", "ptr_read(Param)", "Spanned(Type)", "Block", "env_resolve", "ptr_read(WhenCase)", "TypeInfo", "IfStmt", "VarDecl", "List(VariantDecl)", "Program", "type_info_from_ast", "Spanned(ImportDirective)", "Type", "List(Spanned(Statement))", "type_info_equals", "alloc_diagnostic_error", "puts", "PropertyAccess", "env_enter_scope", "VariableSymbol", "PrimaryExpr", "env_new", "ptr_read(DiagnosticError)", "Symbol", "list_push(DiagnosticError)", "StringSliceExpr", "ptr_read(Spanned(Declaration))", "WhileStmt", "StructFieldAccessExpr", "VectorSliceExpr", "VariantConstructExpr", "_dummy_instantiate_type_info", "list_get(WhenCase)", "ChoiceSymbol", "ptr_read(Spanned(Statement))", "Span", "StringEqExpr", "_dummy_instantiate_spanned_decl", "Assignment", "List(Spanned(Declaration))", "print_diagnostic", "TypeInfoArray", "env_define", "alloc_array(DiagnosticError)", "env_exit_scope", "List(Spanned(Expression))", "list_get(Spanned(Statement))", "SymbolEntry", "FunctionCall", "print_float", "StringIndexExpr", "analyze_program", "Spanned(Declaration)", "Environment", "AssignOp", "analyzer_analyze_statement", "print_int", "List(Spanned(ImportDirective))", "Declaration", "DataDecl", "Spanned(Expression)", "BinaryExpr", "ExternDecl", "type_info_get_array_inner", "ptr_read(Spanned(Expression))", "List(FieldDecl)", "AllocExpr", "analyzer_analyze_block", "print_string", "concat_strings", "_dummy_instantiate_spanned_stmt", "FnDecl", "List(DiagnosticError)", "DataSymbol", "list_get(Spanned(Expression))", "List(String)", "IndexExpr", "strlen", "DiagnosticError", "UnaryExpr", "ImportDirective", "analyzer_register_declaration", "Expression", "VariantDecl", "analyzer_new", "_dummy_instantiate_spanned_expr", "WhenExpr", "ChoiceDecl", "ReturnStmt", "report_error", "WhenCase", "analyzer_analyze_expression", "List(Param)", "Param", "free_array(DiagnosticError)", "Spanned(Statement)", "BinaryOp", "ElseBranch", "type_info_is_array", "type_info_to_string", "List(WhenCase)", "list_get(Spanned(Declaration))", "CastExpr", "_dummy_type_check_var_sym", "Spanned(Block)", "Spanned(ElseBranch)", "ptr_write(DiagnosticError)"], ["ret_ty", "analyzer", "expr"], ["alloc_ptr", "al", "ty_ptr", "a", "i"], []]
DEBUG: instantiate_generic called with concrete_name = 'Spanned(Expression)'
DEBUG: instantiate_generic called with concrete_name = 'Spanned(Expression)'
Successfully compiled.
